<?xml version="1.0" encoding="utf-8"?><testsuites><testsuite name="pytest" errors="0" failures="0" skipped="0" tests="5" time="0.043" timestamp="2024-11-19T12:46:42.497083+07:00" hostname="cheremushkinpc"><testcase classname="test_math_functions" name="test_multiply" time="0.001" /><testcase classname="test_math_functions" name="test_divide" time="0.001" /><testcase classname="test_math_functions" name="test_distance" time="0.002" /><testcase classname="test_math_functions" name="test_quadratic_roots" time="0.001" /><testcase classname="test_math_functions" name="test_geometric_sum" time="0.001" /></testsuite></testsuites>